<?xml version="1.0" encoding="UTF-8"?>
<!-- Generated by org.testng.reporters.JUnitReportReporter -->
<testsuite hostname="LAPTOP-UASL38CC" failures="0" tests="2" name="com.qa.contacts.tests.ContactusTest$BackupRestoreTest" time="55.020" errors="0" timestamp="30 Jun 2020 08:04:49 GMT" skipped="0">
  <testcase classname="com.qa.contacts.tests.ContactusTest$BackupRestoreTest" name="verifyContactUsHeaderTest" time="25.401"/>
  <testcase classname="com.qa.contacts.tests.ContactusTest$BackupRestoreTest" name="newContactUsRequestTest" time="29.619"/>
</testsuite> <!-- com.qa.contacts.tests.ContactusTest$BackupRestoreTest -->
