<?xml version="1.0" encoding="UTF-8"?>
<!-- Generated by org.testng.reporters.JUnitReportReporter -->
<testsuite skipped="0" hostname="VDLT247" name="com.qa.contacts.tests.ContactusTest" tests="2" failures="0" timestamp="2020-07-02T15:34:58 IST" time="50.174" errors="0">
  <testcase name="verifyContactUsHeaderTest" time="23.763" classname="com.qa.contacts.tests.ContactusTest"/>
  <system-out/>
  <testcase name="newContactUsRequestTest" time="26.411" classname="com.qa.contacts.tests.ContactusTest"/>
  <system-out/>
</testsuite> <!-- com.qa.contacts.tests.ContactusTest -->
