<?xml version="1.0" encoding="UTF-8"?>
<!-- Generated by org.testng.reporters.JUnitReportReporter -->
<testsuite hostname="LAPTOP-UASL38CC" failures="0" tests="1" name="com.qa.ebay.tests.ContactsHomePageTest" time="29.694" errors="0" timestamp="28 Jun 2020 14:33:29 GMT" skipped="0">
  <testcase classname="com.qa.ebay.tests.ContactsHomePageTest" name="verifyContactHeaderTest" time="29.694"/>
</testsuite> <!-- com.qa.ebay.tests.ContactsHomePageTest -->
