<?xml version="1.0" encoding="UTF-8"?>
<!-- Generated by org.testng.reporters.JUnitReportReporter -->
<testsuite hostname="LAPTOP-UASL38CC" failures="0" tests="1" name="com.qa.ebay.tests.LaunchAndroidEmulator" time="28.310" errors="0" timestamp="28 Jun 2020 07:46:44 GMT" skipped="0">
  <testcase classname="com.qa.ebay.tests.LaunchAndroidEmulator" name="launchEmulator" time="28.310"/>
</testsuite> <!-- com.qa.ebay.tests.LaunchAndroidEmulator -->
