<?xml version="1.0" encoding="UTF-8"?>
<!-- Generated by org.testng.reporters.JUnitReportReporter -->
<testsuite hostname="LAPTOP-UASL38CC" failures="0" tests="2" name="com.qa.contacts.tests.BackupRestoreTest" time="49.219" errors="0" timestamp="30 Jun 2020 08:04:49 GMT" skipped="0">
  <testcase classname="com.qa.contacts.tests.BackupRestoreTest" name="verifyRestoreContactsTextTest" time="23.769"/>
  <testcase classname="com.qa.contacts.tests.BackupRestoreTest" name="verifyContactClickTest" time="25.450"/>
</testsuite> <!-- com.qa.contacts.tests.BackupRestoreTest -->
