<?xml version="1.0" encoding="UTF-8"?>
<!-- Generated by org.testng.reporters.JUnitReportReporter -->
<testsuite hostname="LAPTOP-UASL38CC" failures="0" tests="1" name="com.qa.ebay.tests.GeneralizedLaunch" time="30.947" errors="0" timestamp="28 Jun 2020 11:29:23 GMT" skipped="0">
  <testcase classname="com.qa.ebay.tests.GeneralizedLaunch" name="launchApp" time="30.947"/>
</testsuite> <!-- com.qa.ebay.tests.GeneralizedLaunch -->
