<?xml version="1.0" encoding="UTF-8"?>
<!-- Generated by org.testng.reporters.JUnitReportReporter -->
<testsuite skipped="0" hostname="VDLT247" name="com.qa.contacts.tests.ContactusTest" tests="2" failures="0" timestamp="2020-07-03T16:12:29 IST" time="89.225" errors="0">
  <testcase name="verifyContactUsHeaderTest" time="31.706" classname="com.qa.contacts.tests.ContactusTest"/>
  <system-out/>
  <testcase name="newContactUsRequestTest" time="57.519" classname="com.qa.contacts.tests.ContactusTest"/>
  <system-out/>
</testsuite> <!-- com.qa.contacts.tests.ContactusTest -->
