<?xml version="1.0" encoding="UTF-8"?>
<!-- Generated by org.testng.reporters.JUnitReportReporter -->
<testsuite hostname="LAPTOP-UASL38CC" failures="0" tests="1" name="com.qa.ebay.tests.Working" time="34.193" errors="0" timestamp="28 Jun 2020 08:21:27 GMT" skipped="0">
  <testcase classname="com.qa.ebay.tests.Working" name="launchEmulator" time="34.193"/>
</testsuite> <!-- com.qa.ebay.tests.Working -->
