<?xml version="1.0" encoding="UTF-8"?>
<!-- Generated by org.testng.reporters.JUnitReportReporter -->
<testsuite hostname="LAPTOP-UASL38CC" failures="0" tests="2" name="com.qa.ebay.tests.BackupRestoreTest" time="61.755" errors="0" timestamp="28 Jun 2020 14:33:29 GMT" skipped="0">
  <testcase classname="com.qa.ebay.tests.BackupRestoreTest" name="verifyRestoreContactsTest" time="34.448"/>
  <testcase classname="com.qa.ebay.tests.BackupRestoreTest" name="verifyContactHeaderTest" time="27.307"/>
</testsuite> <!-- com.qa.ebay.tests.BackupRestoreTest -->
