<?xml version="1.0" encoding="UTF-8"?>
<!-- Generated by org.testng.reporters.JUnitReportReporter -->
<testsuite hostname="LAPTOP-UASL38CC" failures="0" tests="1" name="com.qa.contacts.tests.GeneralizedLaunch" time="18.220" errors="0" timestamp="29 Jun 2020 11:18:31 GMT" skipped="0">
  <testcase classname="com.qa.contacts.tests.GeneralizedLaunch" name="launchApp" time="18.220"/>
</testsuite> <!-- com.qa.contacts.tests.GeneralizedLaunch -->
