<?xml version="1.0" encoding="UTF-8"?>
<!-- Generated by org.testng.reporters.JUnitReportReporter -->
<testsuite skipped="0" hostname="VDLT247" name="com.qa.contacts.tests.ContactusTest" tests="2" failures="0" timestamp="02 Jul 2020 08:37:42 GMT" time="50.609" errors="0">
  <testcase name="verifyContactUsHeaderTest" time="23.336" classname="com.qa.contacts.tests.ContactusTest"/>
  <testcase name="newContactUsRequestTest" time="27.273" classname="com.qa.contacts.tests.ContactusTest"/>
</testsuite> <!-- com.qa.contacts.tests.ContactusTest -->
