<?xml version="1.0" encoding="UTF-8"?>
<!-- Generated by org.testng.reporters.JUnitReportReporter -->
<testsuite skipped="0" hostname="VDLT247" name="com.qa.contacts.tests.BackupRestoreTest" tests="2" failures="0" timestamp="02 Jul 2020 08:37:42 GMT" time="45.174" errors="0">
  <testcase name="verifyRestoreContactsTextTest" time="21.957" classname="com.qa.contacts.tests.BackupRestoreTest"/>
  <testcase name="verifyContactClickTest" time="23.217" classname="com.qa.contacts.tests.BackupRestoreTest"/>
</testsuite> <!-- com.qa.contacts.tests.BackupRestoreTest -->
